<?xml version="1.0" encoding="UTF-8"?>
<!-- Generated by org.testng.reporters.JUnitXMLReporter -->
<testsuite ignored="1" hostname="LAPTOP-S58JSNEH" failures="0" tests="2" name="Submit Order Test" time="34.93" errors="0" timestamp="2025-05-10T01:58:00 IST">
  <testcase classname="com.org.main.tests.SubmitOrderTest" name="submitOrder" time="4.295"/>
  <testcase classname="com.org.main.tests.SubmitOrderTest" name="submitOrder" time="13.728"/>
  <testcase classname="com.org.main.tests.SubmitOrderTest" name="orderHistoryTest" time="0.0">
    <ignored/>
  </testcase> <!-- orderHistoryTest -->
</testsuite> <!-- Submit Order Test -->
