<?xml version="1.0" encoding="UTF-8"?>
<!-- Generated by org.testng.reporters.JUnitXMLReporter -->
<testsuite ignored="1" hostname="LAPTOP-S58JSNEH" failures="0" tests="2" name="Submit Order Test" time="49.494" errors="0" timestamp="2025-05-12T08:15:13 IST">
  <testcase classname="com.org.main.tests.SubmitOrderTest" name="submitOrder" time="25.603"/>
  <testcase classname="com.org.main.tests.SubmitOrderTest" name="submitOrder" time="13.918"/>
  <testcase classname="com.org.main.tests.SubmitOrderTest" name="orderHistoryTest" time="0.0">
    <ignored/>
  </testcase> <!-- orderHistoryTest -->
</testsuite> <!-- Submit Order Test -->
