<?xml version="1.0" encoding="UTF-8"?>
<testng-results ignored="3" total="5" passed="2" failed="0" skipped="0">
  <reporter-output>
  </reporter-output>
  <suite started-at="2025-05-10T01:57:25 IST" name="Suite" finished-at="2025-05-10T01:58:00 IST" duration-ms="34930">
    <groups>
      <group name="purchase">
        <method signature="SubmitOrderTest.submitOrder(java.util.HashMap)[pri:0, instance:com.org.main.tests.SubmitOrderTest@4d1c00d0]" name="submitOrder" class="com.org.main.tests.SubmitOrderTest"/>
      </group> <!-- purchase -->
    </groups>
    <test started-at="2025-05-10T01:57:25 IST" name="Error Validation Test" finished-at="2025-05-10T01:57:25 IST" duration-ms="32">
    </test> <!-- Error Validation Test -->
    <test started-at="2025-05-10T01:57:25 IST" name="Submit Order Test" finished-at="2025-05-10T01:58:00 IST" duration-ms="34930">
      <class name="com.org.main.tests.SubmitOrderTest">
        <test-method is-config="true" signature="launchApplication()[pri:0, instance:com.org.main.tests.SubmitOrderTest@4d1c00d0]" started-at="2025-05-10T01:57:26 IST" name="launchApplication" finished-at="2025-05-10T01:57:35 IST" duration-ms="9637" status="PASS">
          <reporter-output>
          </reporter-output>
        </test-method> <!-- launchApplication -->
        <test-method signature="submitOrder(java.util.HashMap)[pri:0, instance:com.org.main.tests.SubmitOrderTest@4d1c00d0]" started-at="2025-05-10T01:57:35 IST" name="submitOrder" data-provider="getData" finished-at="2025-05-10T01:57:40 IST" duration-ms="4295" status="PASS">
          <params>
            <param index="0">
              <value>
                <![CDATA[{password=Practice@12345, email=latepractice@example.com, productName=ZARA COAT 3}]]>
              </value>
            </param>
          </params>
          <reporter-output>
          </reporter-output>
        </test-method> <!-- submitOrder -->
        <test-method is-config="true" signature="browserClose()[pri:0, instance:com.org.main.tests.SubmitOrderTest@4d1c00d0]" started-at="2025-05-10T01:57:40 IST" name="browserClose" finished-at="2025-05-10T01:57:40 IST" duration-ms="685" status="PASS">
          <reporter-output>
          </reporter-output>
        </test-method> <!-- browserClose -->
        <test-method is-config="true" signature="launchApplication()[pri:0, instance:com.org.main.tests.SubmitOrderTest@4d1c00d0]" started-at="2025-05-10T01:57:40 IST" name="launchApplication" finished-at="2025-05-10T01:57:46 IST" duration-ms="5321" status="PASS">
          <reporter-output>
          </reporter-output>
        </test-method> <!-- launchApplication -->
        <test-method signature="submitOrder(java.util.HashMap)[pri:0, instance:com.org.main.tests.SubmitOrderTest@4d1c00d0]" started-at="2025-05-10T01:57:46 IST" name="submitOrder" data-provider="getData" finished-at="2025-05-10T01:57:59 IST" duration-ms="13728" status="PASS">
          <params>
            <param index="0">
              <value>
                <![CDATA[{password=Test@12345, email=testnew@example.com, productName=ADIDAS ORIGINAL}]]>
              </value>
            </param>
          </params>
          <reporter-output>
          </reporter-output>
        </test-method> <!-- submitOrder -->
        <test-method is-config="true" signature="browserClose()[pri:0, instance:com.org.main.tests.SubmitOrderTest@4d1c00d0]" started-at="2025-05-10T01:57:59 IST" name="browserClose" finished-at="2025-05-10T01:58:00 IST" duration-ms="457" status="PASS">
          <reporter-output>
          </reporter-output>
        </test-method> <!-- browserClose -->
      </class> <!-- com.org.main.tests.SubmitOrderTest -->
    </test> <!-- Submit Order Test -->
  </suite> <!-- Suite -->
</testng-results>
